<?xml version="1.0" encoding="UTF-8"?>
<!-- Generated by org.testng.reporters.JUnitReportReporter -->
<testsuite skipped="0" hostname="milan" name="Runner.TestRunner" tests="2" failures="0" timestamp="2021-05-03T12:27:10 IST" time="21.172" errors="0">
  <testcase name="runScenario" time="0.738" classname="Runner.TestRunner"/>
  <system-out/>
  <testcase name="runScenario" time="20.434" classname="Runner.TestRunner"/>
  <system-out/>
</testsuite> <!-- Runner.TestRunner -->
